Module : Az.Resources
Cmdlet : Get-AzResource
Parameters
 -ResourceGroupName : RB_ResourceGrouip

[Common.Authentication]: Authenticating using Account: 'MSI@50342', environment: 'AzureCloud', tenant: '2dd732a6-0413-473f-a1ce-68d1616444b6'
5:10:07 PM - [ManagedServiceIdentityAuthenticator] Calling ManagedIdentityCredential.GetTokenAsync - TenantId:'2dd732a6-0413-473f-a1ce-68d1616444b6', Scopes:'https://management.core.windows.net/', UserId:''
ManagedIdentityCredential.GetToken invoked. Scopes: [ https://management.core.windows.net/ ] ParentRequestId: 
Request [df5e44af-1d90-4e5b-83d3-94f76b5b33ae] POST http://localhost:50342/oauth2/token
Metadata:REDACTED
x-ms-client-request-id:REDACTED
x-ms-return-client-request-id:REDACTED
User-Agent:REDACTED
Content-Type:REDACTED
client assembly: Azure.Identity
Response [df5e44af-1d90-4e5b-83d3-94f76b5b33ae] 200 OK (00.0s)
X-Powered-By:REDACTED
ETag:REDACTED
Date:REDACTED
Connection:REDACTED
Content-Type:REDACTED
Content-Length:REDACTED

ManagedIdentityCredential.GetToken succeeded. Scopes: [ https://management.core.windows.net/ ] ParentRequestId:  ExpiresOn: 2022-03-10T18:18:04.0000000+00:00
[Common.Authentication]: Received token with LoginType 'User', Tenant: '2dd732a6-0413-473f-a1ce-68d1616444b6', UserId: 'MSI@50342'
============================ HTTP REQUEST ============================

HTTP Method:
GET

Absolute Uri:
https://management.azure.com/subscriptions/5214a24a-c875-4fc4-bec0-9dc48636455f/resourceGroups/RB_ResourceGrouip/resources?api-version=2021-04-01

Headers:
x-ms-client-request-id        : dee4f683-b86f-49eb-872c-c25e229cfa10
Accept-Language               : en-US

Body:



============================ HTTP RESPONSE ============================

Status Code:
NotFound

Headers:
Cache-Control                 : no-cache
Pragma                        : no-cache
x-ms-failure-cause            : gateway
x-ms-ratelimit-remaining-subscription-reads: 11998
x-ms-request-id               : fa7092b9-4fad-4363-b015-f562e16b0c67
x-ms-correlation-request-id   : fa7092b9-4fad-4363-b015-f562e16b0c67
x-ms-routing-request-id       : EASTUS:20220310T171007Z:fa7092b9-4fad-4363-b015-f562e16b0c67
Strict-Transport-Security     : max-age=31536000; includeSubDomains
X-Content-Type-Options        : nosniff
Date                          : Thu, 10 Mar 2022 17:10:06 GMT

Body:
{
  "error": {
    "code": "ResourceGroupNotFound",
    "message": "Resource group 'RB_ResourceGrouip' could not be found."
  }
}


